<?xml version="1.0" encoding="UTF-8"?>
<!-- Generated by org.testng.reporters.JUnitReportReporter -->
<testsuite skipped="0" hostname="LAPTOP-39B32HH7" name="com.xcart.demostore.testsuite.AllTests" tests="3" failures="0" timestamp="02 Dec 2020 16:04:38 GMT" time="43.653" errors="0">
  <testcase name="verifySignInSuccessfullyWithValidCredentials" time="15.188" classname="com.xcart.demostore.testsuite.AllTests"/>
  <testcase name="verifyUserCanRegisterSuccessfully" time="15.438" classname="com.xcart.demostore.testsuite.AllTests"/>
  <testcase name="verifyUserCanSucceffulyNavigateHotDealLink" time="13.027" classname="com.xcart.demostore.testsuite.AllTests"/>
</testsuite> <!-- com.xcart.demostore.testsuite.AllTests -->
